<?xml version="1.0" encoding="UTF-8"?>
<!-- Generated by org.testng.reporters.JUnitReportReporter -->
<testsuite hostname="LAPTOP-DUIBVCQL" failures="0" tests="1" name="Test.OrangeHRM_Login_Test" time="19.744" errors="0" timestamp="2025-08-04T22:35:07 IST" skipped="0">
  <testcase classname="Test.OrangeHRM_Login_Test" name="loginTest" time="19.744"/>
</testsuite> <!-- Test.OrangeHRM_Login_Test -->
