<?xml version="1.0" encoding="UTF-8"?>
<!-- Generated by org.testng.reporters.JUnitReportReporter -->
<testsuite hostname="LAPTOP-DUIBVCQL" failures="0" tests="1" name="com.Test.webDriverMethod" time="13.079" errors="0" timestamp="2025-08-04T11:57:54 IST" skipped="0">
  <testcase classname="com.Test.webDriverMethod" name="loginTest" time="13.079"/>
</testsuite> <!-- com.Test.webDriverMethod -->
