<?xml version="1.0" encoding="UTF-8"?>
<!-- Generated by org.testng.reporters.JUnitReportReporter -->
<testsuite hostname="LAPTOP-DUIBVCQL" failures="0" tests="1" name="com.Test.OrangeHRM_Login_Test" time="12.641" errors="0" timestamp="2025-08-03T19:04:20 IST" skipped="0">
  <testcase classname="com.Test.OrangeHRM_Login_Test" name="loginTest" time="12.641"/>
</testsuite> <!-- com.Test.OrangeHRM_Login_Test -->
